2021-08-09 23:43:35,932 [INFO] Activator:177 - 


2021-08-09 23:43:35,934 [INFO] Activator:178 - !SESSION log4j initialized
2021-08-09 23:44:43,061 [INFO] McuFinderGlobals:39 - Set McuFinder mode to 2 (CubeIDE integrated)
2021-08-09 23:44:43,336 [INFO] ApplicationProperties:181 - Using Application install path: C:\ST\STM32CubeIDE_1.7.0\STM32CubeIDE\plugins\com.st.stm32cube.common.mx_6.3.0.202107141111
2021-08-09 23:44:43,351 [INFO] DbMcusXml:74 - Set database path to: C:\ST\STM32CubeIDE_1.7.0\STM32CubeIDE\plugins\com.st.stm32cube.common.mx_6.3.0.202107141111\\db\/mcu/
2021-08-09 23:44:43,356 [INFO] DbBoardsPdsc:56 - Set plugin database path to: C:\ST\STM32CubeIDE_1.7.0\STM32CubeIDE\plugins\com.st.stm32cube.common.mx_6.3.0.202107141111\\db\/plugins/boardmanager/
2021-08-09 23:44:43,357 [INFO] DbMcus:258 - Set plugin images path to: C:\ST\STM32CubeIDE_1.7.0\STM32CubeIDE\plugins\com.st.stm32cube.common.mx_6.3.0.202107141111\\db\/plugins/mcufinder/images/
2021-08-09 23:44:43,357 [INFO] DbBoards:264 - Set plugin images path to: C:\ST\STM32CubeIDE_1.7.0\STM32CubeIDE\plugins\com.st.stm32cube.common.mx_6.3.0.202107141111\\db\/plugins/mcufinder/images/
2021-08-09 23:44:43,360 [INFO] DbExamples:333 - Set plugin images path to: C:\ST\STM32CubeIDE_1.7.0\STM32CubeIDE\plugins\com.st.stm32cube.common.mx_6.3.0.202107141111\\db\/plugins/mcufinder/images/
2021-08-09 23:44:43,367 [INFO] DbMcusAds:119 - Set database path to: C:\Users\hegad\.stmcufinder\plugins\mcufinder//mcu/
2021-08-09 23:44:43,369 [INFO] DbMcusDocs:110 - Set database path to: C:\Users\hegad\.stmcufinder\plugins\mcufinder//mcu/
2021-08-09 23:44:43,371 [INFO] DbMcusJson:64 - Set database path to: C:\Users\hegad\.stmcufinder\plugins\mcufinder//mcu/
2021-08-09 23:44:43,372 [INFO] DbBoardsDocs:110 - Set database path to: C:\Users\hegad\.stmcufinder\plugins\mcufinder//mcu/
2021-08-09 23:44:43,373 [INFO] DbBoardsJson:57 - Set database path to: C:\Users\hegad\.stmcufinder\plugins\mcufinder//mcu/
2021-08-09 23:44:43,432 [INFO] CrossReferenceDbSqlite:196 - Set database path to: C:\Users\hegad\.stmcufinder\plugins\mcufinder//mcu/cs/
2021-08-09 23:44:43,436 [INFO] DbExamplesSqlite:767 - Set database path to: C:\Users\hegad\.stmcufinder\plugins\mcufinder//mcu/
2021-08-09 23:44:43,580 [INFO] RulesReader:57 - Compatibility file has been processed (242 Rules)
2021-08-09 23:44:43,690 [INFO] DbMcusXml:74 - Set database path to: C:\ST\STM32CubeIDE_1.7.0\STM32CubeIDE\plugins\com.st.stm32cube.common.mx_6.3.0.202107141111\\db\/mcu/
2021-08-09 23:44:43,691 [INFO] DbBoardsPdsc:56 - Set plugin database path to: C:\ST\STM32CubeIDE_1.7.0\STM32CubeIDE\plugins\com.st.stm32cube.common.mx_6.3.0.202107141111\\db\/plugins/boardmanager/
2021-08-09 23:44:43,692 [INFO] DbMcus:258 - Set plugin images path to: C:\ST\STM32CubeIDE_1.7.0\STM32CubeIDE\plugins\com.st.stm32cube.common.mx_6.3.0.202107141111\\db\/plugins/mcufinder/images/
2021-08-09 23:44:43,692 [INFO] DbBoards:264 - Set plugin images path to: C:\ST\STM32CubeIDE_1.7.0\STM32CubeIDE\plugins\com.st.stm32cube.common.mx_6.3.0.202107141111\\db\/plugins/mcufinder/images/
2021-08-09 23:44:43,692 [INFO] DbExamples:333 - Set plugin images path to: C:\ST\STM32CubeIDE_1.7.0\STM32CubeIDE\plugins\com.st.stm32cube.common.mx_6.3.0.202107141111\\db\/plugins/mcufinder/images/
2021-08-09 23:44:43,692 [WARN] DbFile:35 - Overriding database path with different value: C:\Users\hegad\.stmcufinder\plugins\mcufinder/ => C:\Users\hegad\.stmcufinder\plugins\mcufinder
2021-08-09 23:44:43,693 [INFO] DbMcusAds:119 - Set database path to: C:\Users\hegad\.stmcufinder\plugins\mcufinder//mcu/
2021-08-09 23:44:43,693 [WARN] DbFile:35 - Overriding database path with different value: C:\Users\hegad\.stmcufinder\plugins\mcufinder/ => C:\Users\hegad\.stmcufinder\plugins\mcufinder
2021-08-09 23:44:43,693 [INFO] DbMcusDocs:110 - Set database path to: C:\Users\hegad\.stmcufinder\plugins\mcufinder//mcu/
2021-08-09 23:44:43,693 [WARN] DbFile:35 - Overriding database path with different value: C:\Users\hegad\.stmcufinder\plugins\mcufinder/ => C:\Users\hegad\.stmcufinder\plugins\mcufinder
2021-08-09 23:44:43,693 [INFO] DbMcusJson:64 - Set database path to: C:\Users\hegad\.stmcufinder\plugins\mcufinder//mcu/
2021-08-09 23:44:43,693 [WARN] DbFile:35 - Overriding database path with different value: C:\Users\hegad\.stmcufinder\plugins\mcufinder/ => C:\Users\hegad\.stmcufinder\plugins\mcufinder
2021-08-09 23:44:43,693 [INFO] DbBoardsDocs:110 - Set database path to: C:\Users\hegad\.stmcufinder\plugins\mcufinder//mcu/
2021-08-09 23:44:43,694 [WARN] DbFile:35 - Overriding database path with different value: C:\Users\hegad\.stmcufinder\plugins\mcufinder/ => C:\Users\hegad\.stmcufinder\plugins\mcufinder
2021-08-09 23:44:43,694 [INFO] DbBoardsJson:57 - Set database path to: C:\Users\hegad\.stmcufinder\plugins\mcufinder//mcu/
2021-08-09 23:44:43,694 [WARN] DbFile:35 - Overriding database path with different value: C:\Users\hegad\.stmcufinder\plugins\mcufinder/ => C:\Users\hegad\.stmcufinder\plugins\mcufinder
2021-08-09 23:44:43,694 [WARN] DbFile:35 - Overriding database path with different value: C:\Users\hegad\.stmcufinder\plugins\mcufinder/ => C:\Users\hegad\.stmcufinder\plugins\mcufinder
2021-08-09 23:44:43,694 [INFO] CrossReferenceDbSqlite:196 - Set database path to: C:\Users\hegad\.stmcufinder\plugins\mcufinder//mcu/cs/
2021-08-09 23:44:43,694 [WARN] DbFile:35 - Overriding database path with different value: C:\Users\hegad\.stmcufinder\plugins\mcufinder/ => C:\Users\hegad\.stmcufinder\plugins\mcufinder
2021-08-09 23:44:43,694 [INFO] DbExamplesSqlite:767 - Set database path to: C:\Users\hegad\.stmcufinder\plugins\mcufinder//mcu/
2021-08-09 23:44:43,771 [INFO] MainPanel:214 - HeapMemory: 364904448
2021-08-09 23:44:43,853 [INFO] DbMcusXml:74 - Set database path to: C:\ST\STM32CubeIDE_1.7.0\STM32CubeIDE\plugins\com.st.stm32cube.common.mx_6.3.0.202107141111\\db\/mcu/
2021-08-09 23:44:43,854 [INFO] DbBoardsPdsc:56 - Set plugin database path to: C:\ST\STM32CubeIDE_1.7.0\STM32CubeIDE\plugins\com.st.stm32cube.common.mx_6.3.0.202107141111\\db\/plugins/boardmanager/
2021-08-09 23:44:43,854 [INFO] DbMcus:258 - Set plugin images path to: C:\ST\STM32CubeIDE_1.7.0\STM32CubeIDE\plugins\com.st.stm32cube.common.mx_6.3.0.202107141111\\db\/plugins/mcufinder/images/
2021-08-09 23:44:43,854 [INFO] DbBoards:264 - Set plugin images path to: C:\ST\STM32CubeIDE_1.7.0\STM32CubeIDE\plugins\com.st.stm32cube.common.mx_6.3.0.202107141111\\db\/plugins/mcufinder/images/
2021-08-09 23:44:43,854 [INFO] DbExamples:333 - Set plugin images path to: C:\ST\STM32CubeIDE_1.7.0\STM32CubeIDE\plugins\com.st.stm32cube.common.mx_6.3.0.202107141111\\db\/plugins/mcufinder/images/
2021-08-09 23:44:43,855 [WARN] DbFile:35 - Overriding database path with different value: C:\Users\hegad\.stmcufinder\plugins\mcufinder/ => C:\Users\hegad\.stmcufinder\plugins\mcufinder
2021-08-09 23:44:43,855 [INFO] DbMcusAds:119 - Set database path to: C:\Users\hegad\.stmcufinder\plugins\mcufinder//mcu/
2021-08-09 23:44:43,855 [WARN] DbFile:35 - Overriding database path with different value: C:\Users\hegad\.stmcufinder\plugins\mcufinder/ => C:\Users\hegad\.stmcufinder\plugins\mcufinder
2021-08-09 23:44:43,855 [INFO] DbMcusDocs:110 - Set database path to: C:\Users\hegad\.stmcufinder\plugins\mcufinder//mcu/
2021-08-09 23:44:43,855 [WARN] DbFile:35 - Overriding database path with different value: C:\Users\hegad\.stmcufinder\plugins\mcufinder/ => C:\Users\hegad\.stmcufinder\plugins\mcufinder
2021-08-09 23:44:43,855 [INFO] DbMcusJson:64 - Set database path to: C:\Users\hegad\.stmcufinder\plugins\mcufinder//mcu/
2021-08-09 23:44:43,855 [WARN] DbFile:35 - Overriding database path with different value: C:\Users\hegad\.stmcufinder\plugins\mcufinder/ => C:\Users\hegad\.stmcufinder\plugins\mcufinder
2021-08-09 23:44:43,855 [INFO] DbBoardsDocs:110 - Set database path to: C:\Users\hegad\.stmcufinder\plugins\mcufinder//mcu/
2021-08-09 23:44:43,855 [WARN] DbFile:35 - Overriding database path with different value: C:\Users\hegad\.stmcufinder\plugins\mcufinder/ => C:\Users\hegad\.stmcufinder\plugins\mcufinder
2021-08-09 23:44:43,855 [INFO] DbBoardsJson:57 - Set database path to: C:\Users\hegad\.stmcufinder\plugins\mcufinder//mcu/
2021-08-09 23:44:43,856 [WARN] DbFile:35 - Overriding database path with different value: C:\Users\hegad\.stmcufinder\plugins\mcufinder/ => C:\Users\hegad\.stmcufinder\plugins\mcufinder
2021-08-09 23:44:43,856 [WARN] DbFile:35 - Overriding database path with different value: C:\Users\hegad\.stmcufinder\plugins\mcufinder/ => C:\Users\hegad\.stmcufinder\plugins\mcufinder
2021-08-09 23:44:43,856 [INFO] CrossReferenceDbSqlite:196 - Set database path to: C:\Users\hegad\.stmcufinder\plugins\mcufinder//mcu/cs/
2021-08-09 23:44:43,856 [WARN] DbFile:35 - Overriding database path with different value: C:\Users\hegad\.stmcufinder\plugins\mcufinder/ => C:\Users\hegad\.stmcufinder\plugins\mcufinder
2021-08-09 23:44:43,856 [INFO] DbExamplesSqlite:767 - Set database path to: C:\Users\hegad\.stmcufinder\plugins\mcufinder//mcu/
2021-08-09 23:44:43,885 [INFO] ApplicationProperties:181 - Using Application install path: C:\ST\STM32CubeIDE_1.7.0\STM32CubeIDE\plugins\com.st.stm32cube.common.mx_6.3.0.202107141111
2021-08-09 23:44:43,887 [INFO] PluginManage:188 - Search for loadable plugins [exclusion list=, ]
2021-08-09 23:44:43,889 [INFO] PluginManage:302 - Check plugin analytics
2021-08-09 23:44:44,107 [INFO] AnalyticsPlugin:257 - Accepted Software Licenses: 
2021-08-09 23:44:44,108 [INFO] AnalyticsPlugin:259 - Accepted CMSIS Pack Licenses: 
2021-08-09 23:44:44,108 [INFO] AnalyticsPlugin:261 - Accepted Firmware Licenses: 
2021-08-09 23:44:44,109 [INFO] PluginManage:352 - Loaded plugin analytics (category:tool,tabindex:-1)
2021-08-09 23:44:44,109 [INFO] PluginManage:302 - Check plugin clock
2021-08-09 23:44:44,140 [INFO] PluginManage:352 - Loaded plugin clock (category:base,tabindex:2)
2021-08-09 23:44:44,140 [INFO] PluginManage:302 - Check plugin ddr
2021-08-09 23:44:44,144 [INFO] PluginManage:352 - Loaded plugin ddr (category:tool,tabindex:6)
2021-08-09 23:44:44,144 [INFO] PluginManage:302 - Check plugin filemanager
2021-08-09 23:44:44,346 [INFO] PluginManage:352 - Loaded plugin filemanager (category:base,tabindex:10)
2021-08-09 23:44:44,346 [INFO] PluginManage:302 - Check plugin ipmanager
2021-08-09 23:44:44,359 [INFO] PluginManage:352 - Loaded plugin ipmanager (category:base,tabindex:5)
2021-08-09 23:44:44,359 [INFO] PluginManage:302 - Check plugin pinoutandconfiguration
2021-08-09 23:44:44,373 [INFO] PluginManage:352 - Loaded plugin pinoutandconfiguration (category:base,tabindex:1)
2021-08-09 23:44:44,373 [INFO] PluginManage:302 - Check plugin pinoutconfig
2021-08-09 23:44:44,417 [INFO] PluginManage:352 - Loaded plugin pinoutconfig (category:base,tabindex:0)
2021-08-09 23:44:44,418 [INFO] PluginManage:302 - Check plugin power
2021-08-09 23:44:44,431 [INFO] PluginManage:352 - Loaded plugin power (category:power,tabindex:4)
2021-08-09 23:44:44,431 [INFO] PluginManage:302 - Check plugin projectmanager
2021-08-09 23:44:44,449 [INFO] PluginManage:352 - Loaded plugin projectmanager (category:projectmanager,tabindex:3)
2021-08-09 23:44:44,450 [INFO] PluginManage:302 - Check plugin thirdparty
2021-08-09 23:44:44,591 [WARN] IntegrityCheckThread:78 - waiting for thirdparty lock release [integrity check]
2021-08-09 23:44:44,591 [INFO] PluginManage:352 - Loaded plugin thirdparty (category:base,tabindex:-1)
2021-08-09 23:44:44,592 [INFO] IntegrityCheckThread:80 - entering critical section [integrity check]
2021-08-09 23:44:44,592 [INFO] PluginManage:302 - Check plugin tools
2021-08-09 23:44:44,592 [INFO] ThirdPartyUpdaterWithRetryManager:66 - Updater plugin not ready yet. [1/15]
2021-08-09 23:44:44,594 [INFO] PluginManage:352 - Loaded plugin tools (category:base,tabindex:7)
2021-08-09 23:44:44,595 [INFO] PluginManage:302 - Check plugin tutovideos
2021-08-09 23:44:44,813 [INFO] PluginManage:352 - Loaded plugin tutovideos (category:base,tabindex:-1)
2021-08-09 23:44:44,813 [INFO] PluginManage:302 - Check plugin updater
2021-08-09 23:44:44,826 [INFO] PluginManage:352 - Loaded plugin updater (category:base,tabindex:12)
2021-08-09 23:44:44,826 [INFO] PluginManage:275 - PluginManage : Loaded plugins [13]
2021-08-09 23:44:45,105 [INFO] PinOutPanel:1463 - setPackage(No Configuration,No Configuration)
2021-08-09 23:44:45,243 [INFO] IPUIPlugin:74 - create IPUIPlugin
2021-08-09 23:44:45,244 [INFO] PluginManager:213 - loadIPPluginJar : add adc
2021-08-09 23:44:45,247 [INFO] IPUIPlugin:74 - create IPUIPlugin
2021-08-09 23:44:45,248 [INFO] PluginManager:213 - loadIPPluginJar : add aes
2021-08-09 23:44:45,250 [INFO] IPUIPlugin:74 - create IPUIPlugin
2021-08-09 23:44:45,251 [INFO] PluginManager:213 - loadIPPluginJar : add can
2021-08-09 23:44:45,253 [INFO] IPUIPlugin:74 - create IPUIPlugin
2021-08-09 23:44:45,253 [INFO] PluginManager:213 - loadIPPluginJar : add comp
2021-08-09 23:44:45,255 [INFO] IPUIPlugin:74 - create IPUIPlugin
2021-08-09 23:44:45,255 [INFO] PluginManager:213 - loadIPPluginJar : add cryp
2021-08-09 23:44:45,258 [INFO] IPUIPlugin:74 - create IPUIPlugin
2021-08-09 23:44:45,259 [INFO] PluginManager:213 - loadIPPluginJar : add dfsdm
2021-08-09 23:44:45,265 [INFO] IPUIPlugin:74 - create IPUIPlugin
2021-08-09 23:44:45,265 [INFO] PluginManager:213 - loadIPPluginJar : add dma
2021-08-09 23:44:45,268 [INFO] IPUIPlugin:74 - create IPUIPlugin
2021-08-09 23:44:45,268 [INFO] PluginManager:213 - loadIPPluginJar : add dma3
2021-08-09 23:44:45,270 [INFO] IPUIPlugin:74 - create IPUIPlugin
2021-08-09 23:44:45,270 [INFO] PluginManager:213 - loadIPPluginJar : add fatfs
2021-08-09 23:44:45,275 [INFO] IPUIPlugin:74 - create IPUIPlugin
2021-08-09 23:44:45,275 [INFO] PluginManager:213 - loadIPPluginJar : add fmc
2021-08-09 23:44:45,281 [INFO] IPUIPlugin:74 - create IPUIPlugin
2021-08-09 23:44:45,281 [INFO] PluginManager:213 - loadIPPluginJar : add freertos
2021-08-09 23:44:45,283 [INFO] IPUIPlugin:74 - create IPUIPlugin
2021-08-09 23:44:45,283 [INFO] PluginManager:213 - loadIPPluginJar : add genericplugin
2021-08-09 23:44:45,286 [INFO] IPUIPlugin:74 - create IPUIPlugin
2021-08-09 23:44:45,286 [INFO] PluginManager:213 - loadIPPluginJar : add gfxmmu
2021-08-09 23:44:45,292 [INFO] IPUIPlugin:74 - create IPUIPlugin
2021-08-09 23:44:45,292 [INFO] PluginManager:213 - loadIPPluginJar : add gic
2021-08-09 23:44:45,297 [INFO] IPUIPlugin:74 - create IPUIPlugin
2021-08-09 23:44:45,298 [INFO] PluginManager:213 - loadIPPluginJar : add gpio
2021-08-09 23:44:45,300 [INFO] IPUIPlugin:74 - create IPUIPlugin
2021-08-09 23:44:45,301 [INFO] PluginManager:213 - loadIPPluginJar : add gtzc
2021-08-09 23:44:45,303 [INFO] IPUIPlugin:74 - create IPUIPlugin
2021-08-09 23:44:45,303 [INFO] PluginManager:213 - loadIPPluginJar : add hash
2021-08-09 23:44:45,306 [INFO] IPUIPlugin:74 - create IPUIPlugin
2021-08-09 23:44:45,306 [INFO] PluginManager:213 - loadIPPluginJar : add i2c
2021-08-09 23:44:45,309 [INFO] IPUIPlugin:74 - create IPUIPlugin
2021-08-09 23:44:45,309 [INFO] PluginManager:213 - loadIPPluginJar : add i2s
2021-08-09 23:44:45,312 [INFO] IPUIPlugin:74 - create IPUIPlugin
2021-08-09 23:44:45,313 [INFO] PluginManager:213 - loadIPPluginJar : add ipddr
2021-08-09 23:44:45,320 [INFO] IPUIPlugin:74 - create IPUIPlugin
2021-08-09 23:44:45,320 [INFO] PluginManager:213 - loadIPPluginJar : add linkedlist
2021-08-09 23:44:45,323 [INFO] IPUIPlugin:74 - create IPUIPlugin
2021-08-09 23:44:45,323 [INFO] PluginManager:213 - loadIPPluginJar : add lorawan
2021-08-09 23:44:45,325 [INFO] IPUIPlugin:74 - create IPUIPlugin
2021-08-09 23:44:45,325 [INFO] PluginManager:213 - loadIPPluginJar : add ltdc
2021-08-09 23:44:45,329 [INFO] IPUIPlugin:74 - create IPUIPlugin
2021-08-09 23:44:45,330 [INFO] PluginManager:213 - loadIPPluginJar : add mdma
2021-08-09 23:44:45,333 [INFO] IPUIPlugin:74 - create IPUIPlugin
2021-08-09 23:44:45,334 [INFO] PluginManager:213 - loadIPPluginJar : add nvic
2021-08-09 23:44:45,337 [INFO] IPUIPlugin:74 - create IPUIPlugin
2021-08-09 23:44:45,337 [INFO] PluginManager:213 - loadIPPluginJar : add opamp
2021-08-09 23:44:45,340 [INFO] IPUIPlugin:74 - create IPUIPlugin
2021-08-09 23:44:45,340 [INFO] PluginManager:213 - loadIPPluginJar : add openamp
2021-08-09 23:44:45,343 [INFO] IPUIPlugin:74 - create IPUIPlugin
2021-08-09 23:44:45,343 [INFO] PluginManager:213 - loadIPPluginJar : add pdm2pcm
2021-08-09 23:44:45,356 [INFO] IPUIPlugin:74 - create IPUIPlugin
2021-08-09 23:44:45,360 [INFO] PluginManager:213 - loadIPPluginJar : add plateformsettings
2021-08-09 23:44:45,362 [INFO] IPUIPlugin:74 - create IPUIPlugin
2021-08-09 23:44:45,362 [INFO] PluginManager:213 - loadIPPluginJar : add quadspi
2021-08-09 23:44:45,366 [INFO] IPUIPlugin:74 - create IPUIPlugin
2021-08-09 23:44:45,366 [INFO] PluginManager:213 - loadIPPluginJar : add resmgrutility
2021-08-09 23:44:45,370 [INFO] IPUIPlugin:74 - create IPUIPlugin
2021-08-09 23:44:45,370 [INFO] PluginManager:213 - loadIPPluginJar : add sai
2021-08-09 23:44:45,373 [INFO] IPUIPlugin:74 - create IPUIPlugin
2021-08-09 23:44:45,374 [INFO] PluginManager:213 - loadIPPluginJar : add spi
2021-08-09 23:44:45,379 [INFO] IPUIPlugin:74 - create IPUIPlugin
2021-08-09 23:44:45,379 [INFO] PluginManager:213 - loadIPPluginJar : add stm32_wpan
2021-08-09 23:44:45,381 [INFO] IPUIPlugin:74 - create IPUIPlugin
2021-08-09 23:44:45,381 [INFO] PluginManager:213 - loadIPPluginJar : add tim
2021-08-09 23:44:45,385 [INFO] IPUIPlugin:74 - create IPUIPlugin
2021-08-09 23:44:45,385 [INFO] PluginManager:213 - loadIPPluginJar : add touchsensing
2021-08-09 23:44:45,387 [INFO] IPUIPlugin:74 - create IPUIPlugin
2021-08-09 23:44:45,387 [INFO] PluginManager:213 - loadIPPluginJar : add tracer_emb
2021-08-09 23:44:45,389 [INFO] IPUIPlugin:74 - create IPUIPlugin
2021-08-09 23:44:45,390 [INFO] PluginManager:213 - loadIPPluginJar : add ts
2021-08-09 23:44:45,391 [INFO] IPUIPlugin:74 - create IPUIPlugin
2021-08-09 23:44:45,392 [INFO] PluginManager:213 - loadIPPluginJar : add tsc
2021-08-09 23:44:45,394 [INFO] IPUIPlugin:74 - create IPUIPlugin
2021-08-09 23:44:45,394 [INFO] PluginManager:213 - loadIPPluginJar : add ucpd
2021-08-09 23:44:45,397 [INFO] IPUIPlugin:74 - create IPUIPlugin
2021-08-09 23:44:45,397 [INFO] PluginManager:213 - loadIPPluginJar : add usart
2021-08-09 23:44:45,400 [INFO] IPUIPlugin:74 - create IPUIPlugin
2021-08-09 23:44:45,400 [INFO] PluginManager:213 - loadIPPluginJar : add usbx
2021-08-09 23:44:45,733 [FATAL] Updater:294 - Updater called before beeing initialized
2021-08-09 23:44:45,857 [FATAL] Updater:294 - Updater called before beeing initialized
2021-08-09 23:44:45,862 [INFO] DbMcusAds:47 - JSON generation date=Mon Jul 26 17:07:29 CEST 2021 (1627312049222)
2021-08-09 23:44:45,862 [FATAL] Updater:294 - Updater called before beeing initialized
2021-08-09 23:44:45,910 [WARN] DetailPanel:314 - Failed to get advertising image, set to default
2021-08-09 23:44:46,056 [FATAL] Updater:294 - Updater called before beeing initialized
2021-08-09 23:44:46,059 [FATAL] Updater:294 - Updater called before beeing initialized
2021-08-09 23:44:46,059 [FATAL] Updater:294 - Updater called before beeing initialized
2021-08-09 23:44:46,059 [WARN] DetailPanel:314 - Failed to get advertising image, set to default
2021-08-09 23:44:46,061 [FATAL] Updater:294 - Updater called before beeing initialized
2021-08-09 23:44:46,124 [ERROR] Updater:1075 - MainUpdater not yet initialized. External WinMGr cannot be set.
2021-08-09 23:44:46,127 [INFO] Updater:1012 - Updater Version found : 6.3.0
2021-08-09 23:44:46,150 [INFO] ApplicationProperties:181 - Using Application install path: C:\ST\STM32CubeIDE_1.7.0\STM32CubeIDE\plugins\com.st.stm32cube.common.mx_6.3.0.202107141111
2021-08-09 23:44:46,931 [INFO] MainUpdater:2671 - connection check result : 10
2021-08-09 23:44:46,932 [INFO] MainUpdater:265 - Updater Check For Update Now.
2021-08-09 23:44:46,932 [INFO] MicroXplorer:478 - Change Database Version : DB.6.0.30
2021-08-09 23:44:47,082 [INFO] CheckServerUpdateThread:112 - End of CheckServer Thread
2021-08-09 23:44:47,156 [INFO] MainUpdater:2671 - connection check result : 10
2021-08-09 23:44:47,516 [INFO] McuFinderGlobals:52 - Set McuFinderConnectedMode to false
2021-08-09 23:44:47,663 [INFO] CrossSelectorPresenter:1330 - Cross Selector saved comparison directory: C:\Users\hegad\.stmcufinder\plugins\mcufinder\mcu\cs_comparisons_mx
2021-08-09 23:44:47,679 [INFO] MultiScanPanel:197 - Auto-refresh data requested => check proxy status ongoing
2021-08-09 23:44:47,680 [INFO] MultiScanPanel:201 - Proxy status is invalid
2021-08-09 23:44:47,684 [INFO] FinderPluginLoader:87 - Searching for filters in installed packs
2021-08-09 23:44:47,686 [INFO] DbMcusXml:100 - Load MCU database from C:\ST\STM32CubeIDE_1.7.0\STM32CubeIDE\plugins\com.st.stm32cube.common.mx_6.3.0.202107141111\\db\/mcu/families.xml
2021-08-09 23:44:47,802 [WARN] PackLoader:238 - Cannot read IP mode file for RoweBots.I-CUBE-UNISONRTOS.5.5.0-4
2021-08-09 23:44:47,899 [WARN] PackLoader:238 - Cannot read IP mode file for STMicroelectronics.X-CUBE-MEMS1.9.0.0
2021-08-09 23:44:48,182 [WARN] PackLoader:238 - Cannot read IP mode file for STMicroelectronics.X-CUBE-AZRTOS-H7.1.1.0
2021-08-09 23:44:48,244 [WARN] PackLoader:238 - Cannot read IP mode file for SEGGER.I-CUBE-embOS.1.2.0
2021-08-09 23:44:48,328 [WARN] PackLoader:238 - Cannot read IP mode file for STMicroelectronics.X-CUBE-BLE1.6.2.1
2021-08-09 23:44:48,345 [WARN] PackLoader:238 - Cannot read IP mode file for STMicroelectronics.X-CUBE-BLE2.3.2.1
2021-08-09 23:44:48,358 [WARN] PackLoader:238 - Cannot read IP mode file for STMicroelectronics.X-CUBE-NFC4.2.0.3
2021-08-09 23:44:48,371 [WARN] PackLoader:238 - Cannot read IP mode file for wolfSSL.I-CUBE-wolfSSL.4.8.0
2021-08-09 23:44:48,381 [WARN] PackLoader:238 - Cannot read IP mode file for STMicroelectronics.X-CUBE-TOUCHGFX.4.17.0
2021-08-09 23:44:48,393 [WARN] PackLoader:238 - Cannot read IP mode file for STMicroelectronics.X-CUBE-SFXS2LP1.3.1.0
2021-08-09 23:44:48,408 [WARN] PackLoader:238 - Cannot read IP mode file for STMicroelectronics.X-CUBE-TOF1.2.0.0
2021-08-09 23:44:48,427 [WARN] PackLoader:238 - Cannot read IP mode file for STMicroelectronics.X-CUBE-SUBG2.4.2.0
2021-08-09 23:44:48,443 [WARN] PackLoader:238 - Cannot read IP mode file for STMicroelectronics.X-CUBE-ALS.1.0.1
2021-08-09 23:44:48,450 [WARN] PackLoader:238 - Cannot read IP mode file for STMicroelectronics.X-CUBE-AI.7.0.0
2021-08-09 23:44:48,462 [WARN] PackLoader:238 - Cannot read IP mode file for STMicroelectronics.X-CUBE-ALGOBUILD.1.2.1
2021-08-09 23:44:48,471 [WARN] PackLoader:238 - Cannot read IP mode file for STMicroelectronics.X-CUBE-DISPLAY.1.0.0
2021-08-09 23:44:48,481 [WARN] PackLoader:238 - Cannot read IP mode file for STMicroelectronics.X-CUBE-EEPRMA1.3.1.0
2021-08-09 23:44:48,506 [WARN] PackLoader:238 - Cannot read IP mode file for STMicroelectronics.X-CUBE-GNSS1.5.2.0
2021-08-09 23:44:48,509 [INFO] ThirdParty:915 - Integrity check success = true
2021-08-09 23:44:48,509 [INFO] IntegrityCheckThread:94 - exiting critical section [integrity check]
2021-08-09 23:44:48,509 [INFO] IntegrityCheckThread:97 - End integrity checks thread
2021-08-09 23:44:48,751 [INFO] DbMcusJson:93 - JSON generation date=Mon Jun 07 10:53:21 CEST 2021 (1623056001)
2021-08-09 23:44:49,427 [INFO] DbMcus:175 - Found 1951 MCUs (1903 are supported by CubeMX, 1903 are visible in CubeMX)
2021-08-09 23:44:49,428 [INFO] ApiDb:251 - Load user favorites file C:\Users\hegad/.stm32cubeide/favorites.mcus.txt: 0 item(s)
2021-08-09 23:44:49,429 [INFO] ApiDb:255 - User favorites MCUs=[]
2021-08-09 23:44:49,429 [INFO] DbMcus:187 - Set 0 / 0 favorites MCUs
2021-08-09 23:44:49,956 [INFO] DetailPanel:309 - Set advertising image to C:/Users/hegad/STM32Cube/Repository/\en.PROMOTION_STM32G4x1_MCU_FINDER.jpg
2021-08-09 23:44:50,340 [INFO] DbBoardsPdsc:90 - Found 25 items
2021-08-09 23:44:50,343 [INFO] DbBoardsPdsc:90 - Found 9 items
2021-08-09 23:44:50,346 [INFO] DbBoardsPdsc:90 - Found 33 items
2021-08-09 23:44:50,348 [INFO] DbBoardsPdsc:90 - Found 1 items
2021-08-09 23:44:50,354 [INFO] DbBoardsPdsc:90 - Found 48 items
2021-08-09 23:44:50,365 [INFO] DbBoardsPdsc:90 - Found 43 items
2021-08-09 23:44:50,366 [INFO] DbBoardsPdsc:90 - Found 2 items
2021-08-09 23:44:50,368 [INFO] DbBoardsPdsc:90 - Found 5 items
2021-08-09 23:44:50,373 [WARN] DbBoardsPdsc:254 - Board STM32H7B3I-DK: unknown feature type=Audio, name=, username=Audio stereo codec with Headphone Amp (CS42L51-CNZ), n=1
2021-08-09 23:44:50,373 [WARN] DbBoardsPdsc:254 - Board STM32H735G-DK: unknown feature type=Audio, name=, username=Audio stereo codec with Headphone Amp (WM8994ECS/R), n=1
2021-08-09 23:44:50,375 [WARN] DbBoardsPdsc:254 - Board STM32H7B3I-EVAL: unknown feature type=Audio, name=, username=Multi-Channel Audio Codec (CS42L51-CNZ), n=1
2021-08-09 23:44:50,375 [WARN] DbBoardsPdsc:254 - Board STM32H7B3I-EVAL: unknown feature type=Meter, name=, username=Power-metering and Temperature-monitoring with sigma-delta modulators, n=1
2021-08-09 23:44:50,375 [WARN] DbBoardsPdsc:254 - Board STM32H7B3I-EVAL: unknown feature type=Motor, name=, username=Motor Control, n=1
2021-08-09 23:44:50,376 [WARN] DbBoardsPdsc:254 - Board STM32U575I-EV: unknown feature type=joystick, name=, username=4-direction joystick with selection button, n=1
2021-08-09 23:44:50,401 [INFO] DbBoardsJson:86 - JSON generation date=Tue Jun 01 07:52:40 CEST 2021 (1622526760)
2021-08-09 23:44:50,408 [INFO] DbBoards:117 - Found 166 boards (163 are supported by CubeMX)
2021-08-09 23:44:50,418 [INFO] DbBoardsDocs:143 - JSON generation date=Tue Jun 01 07:52:40 CEST 2021 (1622526760)
2021-08-09 23:44:50,437 [INFO] DbBoardsDocs:79 - Found 193 boards documents
2021-08-09 23:44:50,437 [WARN] DbBoards:127 - board B-L462E-CELL1 has no document id list !
2021-08-09 23:44:50,437 [WARN] DbBoards:127 - board B-L475E-IOT01A2 has no document id list !
2021-08-09 23:44:50,437 [WARN] DbBoards:127 - board B-U585I-IOT02A has no document id list !
2021-08-09 23:44:50,438 [WARN] DbBoards:127 - board NUCLEO-G0B1RE has no document id list !
2021-08-09 23:44:50,438 [WARN] DbBoards:127 - board NUCLEO-H743ZI has no document id list !
2021-08-09 23:44:50,439 [WARN] DbBoards:127 - board NUCLEO-L4A6ZG has no document id list !
2021-08-09 23:44:50,439 [WARN] DbBoards:127 - board NUCLEO-U575ZI-Q has no document id list !
2021-08-09 23:44:50,439 [WARN] DbBoards:127 - board NUCLEO-WB15CC has no document id list !
2021-08-09 23:44:50,439 [WARN] DbBoards:127 - board NUCLEO-WB55RG has no document id list !
2021-08-09 23:44:50,439 [WARN] DbBoards:127 - board NUCLEO-WL55JC2 has no document id list !
2021-08-09 23:44:50,440 [WARN] DbBoards:127 - board P-NUCLEO-WB55-Nucleo has no document id list !
2021-08-09 23:44:50,440 [WARN] DbBoards:127 - board P-NUCLEO-WB55-USBDongle has no document id list !
2021-08-09 23:44:50,440 [WARN] DbBoards:127 - board STEVAL-BFA001V1B has no document id list !
2021-08-09 23:44:50,440 [WARN] DbBoards:127 - board STEVAL-BFA001V2B has no document id list !
2021-08-09 23:44:50,440 [WARN] DbBoards:127 - board STEVAL-IDP005V1 has no document id list !
2021-08-09 23:44:50,440 [WARN] DbBoards:127 - board STEVAL-IDP005V2 has no document id list !
2021-08-09 23:44:50,440 [WARN] DbBoards:127 - board STEVAL-MKSBOX1V1 has no document id list !
2021-08-09 23:44:50,440 [WARN] DbBoards:127 - board STEVAL-STWINKT1 has no document id list !
2021-08-09 23:44:50,440 [WARN] DbBoards:127 - board STEVAL-STWINKT1B has no document id list !
2021-08-09 23:44:50,441 [WARN] DbBoards:127 - board STM32F401C-DISCO has no document id list !
2021-08-09 23:44:50,441 [WARN] DbBoards:127 - board STM32F769I-DISC1 has no document id list !
2021-08-09 23:44:50,441 [WARN] DbBoards:127 - board STM32G0C1E-EV has no document id list !
2021-08-09 23:44:50,442 [WARN] DbBoards:127 - board STM32G474E-EVAL1 has no document id list !
2021-08-09 23:44:50,442 [WARN] DbBoards:127 - board STM32H743I-EVAL2 has no document id list !
2021-08-09 23:44:50,442 [WARN] DbBoards:127 - board STM32H747I-DISC1 has no document id list !
2021-08-09 23:44:50,442 [WARN] DbBoards:127 - board STM32H753I-EVAL2 has no document id list !
2021-08-09 23:44:50,442 [WARN] DbBoards:127 - board STM32L-DISCOVERY has no document id list !
2021-08-09 23:44:50,443 [WARN] DbBoards:127 - board STM32MP157A-DK1 has no document id list !
2021-08-09 23:44:50,443 [WARN] DbBoards:127 - board STM32MP157D-DK1 has no document id list !
2021-08-09 23:44:50,443 [WARN] DbBoards:127 - board STM32MP157D-EV1 has no document id list !
2021-08-09 23:44:50,443 [WARN] DbBoards:127 - board STM32MP157F-DK2 has no document id list !
2021-08-09 23:44:50,443 [WARN] DbBoards:127 - board STM32MP157F-EV1 has no document id list !
2021-08-09 23:44:50,443 [WARN] DbBoards:127 - board STM32U575I-EV has no document id list !
2021-08-09 23:44:50,443 [WARN] DbBoards:127 - board STM32WB5MM-DK has no document id list !
2021-08-09 23:44:52,328 [INFO] ApiDb:251 - Load user favorites file C:\Users\hegad/.stm32cubeide/favorites.boards.txt: 0 item(s)
2021-08-09 23:44:52,328 [INFO] ApiDb:255 - User favorites Boards=[]
2021-08-09 23:44:52,328 [INFO] DbBoards:206 - Set 0 / 0 favorites Boards
2021-08-09 23:45:40,238 [INFO] DbMcusDocs:143 - JSON generation date=Mon Jun 07 10:53:21 CEST 2021 (1623056001)
2021-08-09 23:45:40,428 [INFO] DbMcusDocs:79 - Found 669 MCUs documents
2021-08-09 23:45:56,890 [INFO] McuAction:69 - Docs & Resources
2021-08-09 23:46:04,938 [INFO] GuiUtils:265 - Cannot open the file :C:/Users/hegad/STM32Cube/Repository/\/DS11532.pdf using Desktop.
2021-08-09 23:46:05,024 [INFO] McuAction:133 - Datasheet
2021-08-09 23:46:12,787 [INFO] GuiUtils:265 - Cannot open the file :C:/Users/hegad/STM32Cube/Repository/\/DS11532.pdf using Desktop.
2021-08-09 23:46:12,797 [INFO] McuAction:133 - Datasheet
2021-08-09 23:46:13,650 [INFO] GuiUtils:265 - Cannot open the file :C:/Users/hegad/STM32Cube/Repository/\/DS11532.pdf using Desktop.
2021-08-09 23:46:13,660 [INFO] McuAction:133 - Datasheet
2021-08-09 23:47:22,608 [INFO] McuFinderGlobals:52 - Set McuFinderConnectedMode to true
2021-08-09 23:47:22,611 [INFO] ApiDb:276 - Save user favorites file C:\Users\hegad/.stm32cubeide/favorites.mcus.txt: 0 item(s)
2021-08-09 23:47:22,611 [INFO] ApiDb:280 - User favorites MCUs=[]
